<?xml version="1.0" encoding="UTF-8"?>
<!-- Generated by org.testng.reporters.JUnitReportReporter -->
<testsuite hostname="PUGLCND5434G3C" name="com.whirlpool.windchillautomation.qa.testcases.LoginTest" tests="1" failures="0" timestamp="8 Jun 2019 04:38:55 GMT" time="3.354" errors="0">
  <testcase name="NaviagateToFolderPage" time="3.354" classname="com.whirlpool.windchillautomation.qa.testcases.LoginTest"/>
</testsuite> <!-- com.whirlpool.windchillautomation.qa.testcases.LoginTest -->
